<?xml version="1.0" encoding="UTF-8"?>
<!-- Generated by org.testng.reporters.JUnitReportReporter -->
<testsuite hostname="LAPTOP-B2175ED9" failures="0" tests="1" name="qaclickacademy.AppTest" time="0.002" errors="0" timestamp="2021-05-22T22:07:29 SAST" skipped="0">
  <testcase classname="qaclickacademy.AppTest" name="testApp" time="0.002"/>
  <system-out/>
</testsuite> <!-- qaclickacademy.AppTest -->
